\BOOKMARK [0][]{section*.1}{Contents}{}% 1
\BOOKMARK [0][]{section*.2}{List\040of\040Figures}{}% 2
\BOOKMARK [0][]{section*.3}{List\040of\040Tables}{}% 3
\BOOKMARK [0][]{section*.4}{Listings}{}% 4
\BOOKMARK [0][]{chapter.1}{1\040Overview}{}% 5
\BOOKMARK [1][]{section.1.1}{1.1 硬件部分}{chapter.1}% 6
\BOOKMARK [1][]{section.1.2}{1.2 输入输出部分}{chapter.1}% 7
\BOOKMARK [1][]{section.1.3}{1.3 软件部分}{chapter.1}% 8
\BOOKMARK [0][]{chapter.2}{2\040Division\040of\040Labor}{}% 9
\BOOKMARK [1][]{section.2.1}{2.1 姚梦雨同学}{chapter.2}% 10
\BOOKMARK [1][]{section.2.2}{2.2 马文洁同学}{chapter.2}% 11
\BOOKMARK [0][]{chapter.3}{3\040Hardware}{}% 12
\BOOKMARK [1][]{section.3.1}{3.1 流水线CPU的实现}{chapter.3}% 13
\BOOKMARK [1][]{section.3.2}{3.2 指令实现}{chapter.3}% 14
\BOOKMARK [1][]{section.3.3}{3.3\040IO}{chapter.3}% 15
\BOOKMARK [1][]{section.3.4}{3.4\040CPU\040TESTS}{chapter.3}% 16
\BOOKMARK [1][]{section.3.5}{3.5 遇到的问题和解决方法}{chapter.3}% 17
\BOOKMARK [1][]{section.3.6}{3.6 得到的启示}{chapter.3}% 18
\BOOKMARK [0][]{chapter.4}{4\040Software}{}% 19
\BOOKMARK [1][]{section.4.1}{4.1 软件实现流程}{chapter.4}% 20
\BOOKMARK [1][]{section.4.2}{4.2 遇到的问题和解决方法}{chapter.4}% 21
\BOOKMARK [1][]{section.4.3}{4.3 得到的启示}{chapter.4}% 22
\BOOKMARK [0][]{appendix.A}{A\040File\040Structure\040of\040the\040Project}{}% 23
\BOOKMARK [0][]{appendix.B}{B\040Scripts\040of\040Special\040Purpose}{}% 24
